info: [LENS-CORE-RENDERER]: loading finished for /home/argordienko/.config/Lens/lens-local-storage/app.json
info: [LENS-USER-STORE]: LOADING ...
info: [LENS-USER-STORE]: LOADED from /home/argordienko/.config/Lens/lens-user-store.json
info: [LENS-FILESYSTEM-PROVISIONER-STORE]: LOADING ...
info: [LENS-FILESYSTEM-PROVISIONER-STORE]: LOADED from /home/argordienko/.config/Lens/lens-filesystem-provisioner-store.json
info: [LENS-WEBLINK-STORE]: LOADING ...
info: [LENS-WEBLINK-STORE]: LOADED from /home/argordienko/.config/Lens/lens-weblink-store.json
info: [LENS-CLUSTER-STORE]: LOADING ...
info: [LENS-CLUSTER-STORE]: LOADED from /home/argordienko/.config/Lens/lens-cluster-store.json
info: [LENS-HOTBAR-STORE]: LOADING ...
info: [LENS-HOTBAR-STORE]: LOADED from /home/argordienko/.config/Lens/lens-hotbar-store.json
info: [LENS-TABLE-STORE]: LOADING ...
info: [LENS-TABLE-STORE]: LOADED from /home/argordienko/.config/Lens/lens-table-store.json
info: [LENS-EXTENSIONS]: LOADING ...
info: [LENS-EXTENSIONS]: LOADED from /home/argordienko/.config/Lens/lens-extensions.json
info: [EXTENSIONS-LOADER]: auto initializing extensions
info: [CLI] activated
info: [TIP-STORE]: LOADING ...
info: [TIP-STORE]: LOADED from /home/argordienko/.config/Lens/extension-store/tour-lens-extension/tip-store.json
info: [LDK-STORE]: LOADING ...
info: [LDK-STORE]: LOADED from /home/argordienko/.config/Lens/extension-store/lens-desktop-kube-lens-extension/ldk-store.json
info: [SECURITY-PREFERENCES-STORE]: LOADING ...
info: [SECURITY-PREFERENCES-STORE]: LOADED from /home/argordienko/.config/Lens/extension-store/oci-image-lens-extension/security-preferences-store.json
info: [SUPPORT-EXTENSION] activated
info: [PREFERENCES-STORE]: LOADING ...
info: [PREFERENCES-STORE]: LOADED from /home/argordienko/.config/Lens/extension-store/survey-lens-extension/preferences-store.json
info: [PREFERENCES-STORE]: LOADING ...
info: [PREFERENCES-STORE]: LOADED from /home/argordienko/.config/Lens/extension-store/telemetry-lens-extension/preferences-store.json
info: [LENS-APPS] activated
info: [LOCAL-METADATA-STORE]: LOADING ...
info: [LOCAL-METADATA-STORE]: LOADED from /home/argordienko/.config/Lens/extension-store/lenscloud-lens-extension/local-metadata-store.json
info: [RELEASE-NOTES-STORE]: LOADING ...
info: [RELEASE-NOTES-STORE]: LOADED from /home/argordienko/.config/Lens/extension-store/lenscloud-lens-extension/release-notes-store.json
info: [GRACE-PERIOD-STORE]: LOADING ...
info: [GRACE-PERIOD-STORE]: LOADED from /home/argordienko/.config/Lens/extension-store/lenscloud-lens-extension/grace-period-store.json
info: [END-OF-TRIAL-STORE]: LOADING ...
info: [END-OF-TRIAL-STORE]: LOADED from /home/argordienko/.config/Lens/extension-store/lenscloud-lens-extension/end-of-trial-store.json
info: [SPACES-SETTINGS-STORE]: LOADING ...
info: [SPACES-SETTINGS-STORE]: LOADED from /home/argordienko/.config/Lens/extension-store/lenscloud-lens-extension/spaces-settings-store.json
info: [LENS-SPACES-EXTENSION]: 7/15/2025, 9:31:47 AM Lens Spaces Extension activated
info: [EXTENSION]: enabled @lensapp/cli-lens-extension@0.21.1
info: [EXTENSION]: enabled @lensapp/cluster-metrics@7.1.30
info: [EXTENSION]: enabled @lensapp/kube-event-statuses@1.0.32
info: [EXTENSION]: enabled @lensapp/lenscloud-lens-extension@2.3.0
info: [EXTENSION]: enabled @lensapp/node-menu@7.0.33
info: [EXTENSION]: enabled @lensapp/pod-menu@7.0.33
info: [EXTENSION]: enabled @lensapp/lens-desktop-kube-lens-extension@0.36.4
info: [EXTENSION]: enabled @lensapp/lens-license-extension@0.19.2
info: [EXTENSION]: enabled @lensapp/oci-image-lens-extension@0.36.2
info: [EXTENSION]: enabled @lensapp/shipa-lens-extension@0.23.5
info: [EXTENSION]: enabled @lensapp/support-lens-extension@0.16.2
info: [EXTENSION]: enabled @lensapp/survey-lens-extension@0.11.2
info: [EXTENSION]: enabled @lensapp/telemetry-lens-extension@0.13.4
info: [EXTENSION]: enabled @lensapp/tour-lens-extension@1.13.2
info: [PROTOCOL ROUTER]: internal registering /preferences
info: [PROTOCOL ROUTER]: internal registering /
info: [PROTOCOL ROUTER]: internal registering /landing
info: [PROTOCOL ROUTER]: internal registering /landing/view/:group/:kind
info: [PROTOCOL ROUTER]: internal registering /cluster
info: [PROTOCOL ROUTER]: internal registering /entity/:entityId/settings
info: [PROTOCOL ROUTER]: internal registering /open/:connectionType/:clusterSpecifier/:frame
info: [PROTOCOL ROUTER]: internal registering /cluster/:clusterId
info: [PROTOCOL ROUTER]: internal registering /cluster/:clusterId/settings
info: [PROTOCOL ROUTER]: internal registering /extensions
info: [PROTOCOL ROUTER]: internal registering /extensions/install/:LENS_INTERNAL_EXTENSION_PUBLISHER_MATCH(@[A-Za-z0-9_]+)?/:LENS_INTERNAL_EXTENSION_NAME_MATCH
info: [LENS-CORE-RENDERER]: saving /home/argordienko/.config/Lens/lens-local-storage/app.json
info: [LENS-CORE-RENDERER]: saving /home/argordienko/.config/Lens/lens-local-storage/app.json
info: [LENS-CORE-RENDERER]: saving /home/argordienko/.config/Lens/lens-local-storage/app.json
info: [LENS-CORE-RENDERER]: saving /home/argordienko/.config/Lens/lens-local-storage/app.json
info: [LENS-CORE-RENDERER]: saving /home/argordienko/.config/Lens/lens-local-storage/app.json
info: [LENS-VIEW]: refreshing iframe views, visible cluster id=6753b4191aa1265b17bfaadaa6578bc7
info: [LENS-VIEW]: init dashboard, clusterId=6753b4191aa1265b17bfaadaa6578bc7
info: [LENS-VIEW]: waiting cluster to be ready, clusterId=6753b4191aa1265b17bfaadaa6578bc7
info: [LENS-CORE-RENDERER]: saving /home/argordienko/.config/Lens/lens-local-storage/app.json
info: [LENS-VIEW]: cluster is ready, clusterId=6753b4191aa1265b17bfaadaa6578bc7
info: [LENS-VIEW]: frame for clusterId=6753b4191aa1265b17bfaadaa6578bc7 has loaded
info: [LENS-VIEW]: cluster id=6753b4191aa1265b17bfaadaa6578bc7 should now be visible
info: [ROOT-FRAME]: Unload app
